Using pre-set license
Built from '6000.0/staging' branch; Version is '6000.0.34f1 (5ab2d9ed9190) revision 5944025'; Using compiler version '193933523'; Build Type 'Release'
OS: 'Windows 10  (10.0.19045) 64bit Core' Language: 'en' Physical Memory: 15774 MB
BatchMode: 1, IsHumanControllingUs: 0, StartBugReporterOnCrash: 0, Is64bit: 1, IsPro: 1

COMMAND LINE ARGUMENTS:
C:\Program Files\Unity\Hub\Editor\6000.0.34f1\Editor\Unity.exe
-adb2
-batchMode
-noUpm
-name
AssetImportWorker0
-projectPath
C:/Users/Chris/Operation Iron Shield(Mapped)
-logFile
Logs/AssetImportWorker0.log
-srvPort
45763
-job-worker-count
7
-background-job-worker-count
8
-gc-helper-count
1
Successfully changed project path to: C:/Users/Chris/Operation Iron Shield(Mapped)
C:/Users/Chris/Operation Iron Shield(Mapped)
[UnityMemory] Configuration Parameters - Can be set up in boot.config
    "memorysetup-bucket-allocator-granularity=16"
    "memorysetup-bucket-allocator-bucket-count=8"
    "memorysetup-bucket-allocator-block-size=33554432"
    "memorysetup-bucket-allocator-block-count=8"
    "memorysetup-main-allocator-block-size=16777216"
    "memorysetup-thread-allocator-block-size=16777216"
    "memorysetup-gfx-main-allocator-block-size=16777216"
    "memorysetup-gfx-thread-allocator-block-size=16777216"
    "memorysetup-cache-allocator-block-size=4194304"
    "memorysetup-typetree-allocator-block-size=2097152"
    "memorysetup-profiler-bucket-allocator-granularity=16"
    "memorysetup-profiler-bucket-allocator-bucket-count=8"
    "memorysetup-profiler-bucket-allocator-block-size=33554432"
    "memorysetup-profiler-bucket-allocator-block-count=8"
    "memorysetup-profiler-allocator-block-size=16777216"
    "memorysetup-profiler-editor-allocator-block-size=1048576"
    "memorysetup-temp-allocator-size-main=16777216"
    "memorysetup-job-temp-allocator-block-size=2097152"
    "memorysetup-job-temp-allocator-block-size-background=1048576"
    "memorysetup-job-temp-allocator-reduction-small-platforms=262144"
    "memorysetup-allocator-temp-initial-block-size-main=262144"
    "memorysetup-allocator-temp-initial-block-size-worker=262144"
    "memorysetup-temp-allocator-size-background-worker=32768"
    "memorysetup-temp-allocator-size-job-worker=262144"
    "memorysetup-temp-allocator-size-preload-manager=33554432"
    "memorysetup-temp-allocator-size-nav-mesh-worker=65536"
    "memorysetup-temp-allocator-size-audio-worker=65536"
    "memorysetup-temp-allocator-size-cloud-worker=32768"
    "memorysetup-temp-allocator-size-gi-baking-worker=262144"
    "memorysetup-temp-allocator-size-gi-baking-worker=262144"
    "memorysetup-temp-allocator-size-gi-baking-worker=262144"
    "memorysetup-temp-allocator-size-gi-baking-worker=262144"
    "memorysetup-temp-allocator-size-gi-baking-worker=262144"
    "memorysetup-temp-allocator-size-gfx=262144"
Player connection [13188]  Target information:

Player connection [13188]  * "[IP] 10.0.0.130 [Port] 0 [Flags] 2 [Guid] 19699749 [EditorId] 19699749 [Version] 1048832 [Id] WindowsEditor(7,LAPTOP-UE7S0TPT) [Debug] 1 [PackageName] WindowsEditor [ProjectName] Editor" 

Player connection [13188] Host joined multi-casting on [225.0.0.222:54997]...
Player connection [13188] Host joined alternative multi-casting on [225.0.0.222:34997]...
JobSystem: Creating JobQueue using job-worker-count value 7
Input System module state changed to: Initialized.
[Physics::Module] Initialized fallback backend.
[Physics::Module] Id: 0xdecafbad
Library Redirect Path: Library/
[Physics::Module] Selected backend.
[Physics::Module] Name: PhysX
[Physics::Module] Id: 0xf2b8ea05
[Physics::Module] SDK Version: 4.1.2
[Physics::Module] Integration Version: 1.0.0
[Physics::Module] Threading Mode: Multi-Threaded
Refreshing native plugins compatible for Editor in 2.34 ms, found 3 plugins.
Preloading 0 native plugins for Editor in 0.00 ms.
Initialize engine version: 6000.0.34f1 (5ab2d9ed9190)
[Subsystems] Discovering subsystems at path C:/Program Files/Unity/Hub/Editor/6000.0.34f1/Editor/Data/Resources/UnitySubsystems
[Subsystems] Discovering subsystems at path C:/Users/Chris/Operation Iron Shield(Mapped)/Assets
GfxDevice: creating device client; kGfxThreadingModeNonThreaded
Direct3D:
    Version:  Direct3D 11.0 [level 11.1]
    Renderer: NVIDIA GeForce RTX 3050 Ti Laptop GPU (ID=0x25a0)
    Vendor:   NVIDIA
    VRAM:     3962 MB
    Driver:   32.0.15.6636
Initialize mono
Mono path[0] = 'C:/Program Files/Unity/Hub/Editor/6000.0.34f1/Editor/Data/Managed'
Mono path[1] = 'C:/Program Files/Unity/Hub/Editor/6000.0.34f1/Editor/Data/MonoBleedingEdge/lib/mono/unityjit-win32'
Mono config path = 'C:/Program Files/Unity/Hub/Editor/6000.0.34f1/Editor/Data/MonoBleedingEdge/etc'
Using monoOptions --debugger-agent=transport=dt_socket,embedding=1,server=y,suspend=n,address=127.0.0.1:56232
Begin MonoManager ReloadAssembly
Registering precompiled unity dll's ...
Register platform support module: C:/Program Files/Unity/Hub/Editor/6000.0.34f1/Editor/Data/PlaybackEngines/WebGLSupport/UnityEditor.WebGL.Extensions.dll
Register platform support module: C:/Program Files/Unity/Hub/Editor/6000.0.34f1/Editor/Data/PlaybackEngines/WindowsStandaloneSupport/UnityEditor.WindowsStandalone.Extensions.dll
Registered in 0.004452 seconds.
- Loaded All Assemblies, in  0.395 seconds
Native extension for WindowsStandalone target not found
Native extension for WebGL target not found
Mono: successfully reloaded assembly
- Finished resetting the current domain, in  0.307 seconds
Domain Reload Profiling: 699ms
	BeginReloadAssembly (135ms)
		ExecutionOrderSort (0ms)
		DisableScriptedObjects (0ms)
		BackupInstance (0ms)
		ReleaseScriptingObjects (0ms)
		CreateAndSetChildDomain (1ms)
	RebuildCommonClasses (42ms)
	RebuildNativeTypeToScriptingClass (11ms)
	initialDomainReloadingComplete (52ms)
	LoadAllAssembliesAndSetupDomain (152ms)
		LoadAssemblies (132ms)
		RebuildTransferFunctionScriptingTraits (0ms)
		AnalyzeDomain (148ms)
			TypeCache.Refresh (147ms)
				TypeCache.ScanAssembly (133ms)
			BuildScriptInfoCaches (0ms)
			ResolveRequiredComponents (0ms)
	FinalizeReload (307ms)
		ReleaseScriptCaches (0ms)
		RebuildScriptCaches (0ms)
		SetupLoadedEditorAssemblies (275ms)
			LogAssemblyErrors (0ms)
			InitializePlatformSupportModulesInManaged (28ms)
			SetLoadedEditorAssemblies (4ms)
			BeforeProcessingInitializeOnLoad (49ms)
			ProcessInitializeOnLoadAttributes (142ms)
			ProcessInitializeOnLoadMethodAttributes (52ms)
			AfterProcessingInitializeOnLoad (0ms)
			EditorAssembliesLoaded (0ms)
		ExecutionOrderSort2 (0ms)
		AwakeInstancesAfterBackupRestoration (0ms)
========================================================================
Worker process is ready to serve import requests
Import Worker Mode flag is 0x00
Begin MonoManager ReloadAssembly
- Loaded All Assemblies, in  0.965 seconds
'Packages/com.unity.render-pipelines.high-definition/Editor/Wizard/HDWizard.UIElement.cs' contains partial class of Unity.Object, exactly 1 of the partial classes needs to be in a file with the same filename. This is to know the one that can be referenced from ie. GameObjects
'Packages/com.unity.render-pipelines.high-definition/Editor/Wizard/HDWizard.Configuration.cs' contains partial class of Unity.Object, exactly 1 of the partial classes needs to be in a file with the same filename. This is to know the one that can be referenced from ie. GameObjects
'Packages/com.unity.render-pipelines.high-definition/Editor/Wizard/HDWizard.Window.cs' contains partial class of Unity.Object, exactly 1 of the partial classes needs to be in a file with the same filename. This is to know the one that can be referenced from ie. GameObjects
Refreshing native plugins compatible for Editor in 1.18 ms, found 3 plugins.
Native extension for WindowsStandalone target not found
Native extension for WebGL target not found
Mono: successfully reloaded assembly
- Finished resetting the current domain, in  0.862 seconds
Domain Reload Profiling: 1820ms
	BeginReloadAssembly (180ms)
		ExecutionOrderSort (0ms)
		DisableScriptedObjects (6ms)
		BackupInstance (0ms)
		ReleaseScriptingObjects (0ms)
		CreateAndSetChildDomain (33ms)
	RebuildCommonClasses (38ms)
	RebuildNativeTypeToScriptingClass (12ms)
	initialDomainReloadingComplete (43ms)
	LoadAllAssembliesAndSetupDomain (685ms)
		LoadAssemblies (428ms)
		RebuildTransferFunctionScriptingTraits (0ms)
		AnalyzeDomain (365ms)
			TypeCache.Refresh (250ms)
				TypeCache.ScanAssembly (229ms)
			BuildScriptInfoCaches (99ms)
			ResolveRequiredComponents (12ms)
	FinalizeReload (863ms)
		ReleaseScriptCaches (0ms)
		RebuildScriptCaches (0ms)
		SetupLoadedEditorAssemblies (676ms)
			LogAssemblyErrors (0ms)
			InitializePlatformSupportModulesInManaged (4ms)
			SetLoadedEditorAssemblies (6ms)
			BeforeProcessingInitializeOnLoad (127ms)
			ProcessInitializeOnLoadAttributes (431ms)
			ProcessInitializeOnLoadMethodAttributes (99ms)
			AfterProcessingInitializeOnLoad (8ms)
			EditorAssembliesLoaded (0ms)
		ExecutionOrderSort2 (0ms)
		AwakeInstancesAfterBackupRestoration (5ms)
Launched and connected shader compiler UnityShaderCompiler.exe after 0.01 seconds
Refreshing native plugins compatible for Editor in 1.51 ms, found 3 plugins.
Preloading 0 native plugins for Editor in 0.00 ms.
Unloading 461 Unused Serialized files (Serialized files now loaded: 0)
Unloading 7654 unused Assets / (28.9 MB). Loaded Objects now: 8263.
Memory consumption went from 313.2 MB to 284.3 MB.
Total: 17.170600 ms (FindLiveObjects: 0.832200 ms CreateObjectMapping: 1.030100 ms MarkObjects: 5.753900 ms  DeleteObjects: 9.552800 ms)

========================================================================
Received Import Request.
  Time since last request: 162540.431284 seconds.
  path: Assets/New Terrain.asset
  artifactKey: Guid(fea3dc2477b93034abdfce253367a61f) Importer(815301076,1909f56bfc062723c751e8b465ee728b)
Start importing Assets/New Terrain.asset using Guid(fea3dc2477b93034abdfce253367a61f) Importer(815301076,1909f56bfc062723c751e8b465ee728b) (PreviewImporter) -> (artifact id: 'da993a48e210f69fc22034eb6da27398') in 0.0944764 seconds
Number of updated asset objects reloaded before import = 0Number of asset objects unloaded after import = 3

========================================================================
Received Import Request.
  Time since last request: 59.469679 seconds.
  path: Assets/Settings/DefaultVolumeProfile.asset
  artifactKey: Guid(ab09877e2e707104187f6f83e2f62510) Importer(815301076,1909f56bfc062723c751e8b465ee728b)
Start importing Assets/Settings/DefaultVolumeProfile.asset using Guid(ab09877e2e707104187f6f83e2f62510) Importer(815301076,1909f56bfc062723c751e8b465ee728b) (PreviewImporter) -> (artifact id: '10528149371aefc32227726816d72a59') in 0.0011379 seconds
Number of updated asset objects reloaded before import = 0Number of asset objects unloaded after import = 0

========================================================================
Received Import Request.
  Time since last request: 0.000019 seconds.
  path: Assets/Settings/UniversalRenderPipelineGlobalSettings.asset
  artifactKey: Guid(18dc0cd2c080841dea60987a38ce93fa) Importer(815301076,1909f56bfc062723c751e8b465ee728b)
Start importing Assets/Settings/UniversalRenderPipelineGlobalSettings.asset using Guid(18dc0cd2c080841dea60987a38ce93fa) Importer(815301076,1909f56bfc062723c751e8b465ee728b) (PreviewImporter) -> (artifact id: '450d681d9bcbd949b9085325ce809df5') in 0.0011797 seconds
Number of updated asset objects reloaded before import = 0Number of asset objects unloaded after import = 0

========================================================================
Received Import Request.
  Time since last request: 2.925113 seconds.
  path: Assets/LowPolyShooterPack/Prefabs/Weapons&Grenades/Flashbanggrenade.prefab
  artifactKey: Guid(88be4cbda7a1ae141b06cf37a4833b22) Importer(815301076,1909f56bfc062723c751e8b465ee728b)
Start importing Assets/LowPolyShooterPack/Prefabs/Weapons&Grenades/Flashbanggrenade.prefab using Guid(88be4cbda7a1ae141b06cf37a4833b22) Importer(815301076,1909f56bfc062723c751e8b465ee728b) (PreviewImporter) -> (artifact id: 'de561f978d6e70c4257a2ab79ae5fb2a') in 0.786321 seconds
Number of updated asset objects reloaded before import = 0Number of asset objects unloaded after import = 342

========================================================================
Received Import Request.
  Time since last request: 0.000050 seconds.
  path: Assets/LowPolyShooterPack/Prefabs/Weapons&Grenades/Pistol.prefab
  artifactKey: Guid(abed1a6c2ddb8784dac7ef18b1bee714) Importer(815301076,1909f56bfc062723c751e8b465ee728b)
Start importing Assets/LowPolyShooterPack/Prefabs/Weapons&Grenades/Pistol.prefab using Guid(abed1a6c2ddb8784dac7ef18b1bee714) Importer(815301076,1909f56bfc062723c751e8b465ee728b) (PreviewImporter) -> (artifact id: '42a52c5fd3871b21ca3730d915d495b0') in 0.0301432 seconds
Number of updated asset objects reloaded before import = 0Number of asset objects unloaded after import = 16

========================================================================
Received Import Request.
  Time since last request: 0.000031 seconds.
  path: Assets/LowPolyShooterPack/Prefabs/Trees&Plants/Tree7B.prefab
  artifactKey: Guid(a66d85e196e79c94596ec6c99fc7fe2b) Importer(815301076,1909f56bfc062723c751e8b465ee728b)
Start importing Assets/LowPolyShooterPack/Prefabs/Trees&Plants/Tree7B.prefab using Guid(a66d85e196e79c94596ec6c99fc7fe2b) Importer(815301076,1909f56bfc062723c751e8b465ee728b) (PreviewImporter) -> (artifact id: '1fb0c202e7b62fdd69ddca74b78e6a57') in 0.0336986 seconds
Number of updated asset objects reloaded before import = 0Number of asset objects unloaded after import = 44

========================================================================
Received Import Request.
  Time since last request: 0.000036 seconds.
  path: Assets/LowPolyShooterPack/Prefabs/Weapons&Grenades/Knife.prefab
  artifactKey: Guid(3a083d0cf4d374546b01a47965644468) Importer(815301076,1909f56bfc062723c751e8b465ee728b)
Start importing Assets/LowPolyShooterPack/Prefabs/Weapons&Grenades/Knife.prefab using Guid(3a083d0cf4d374546b01a47965644468) Importer(815301076,1909f56bfc062723c751e8b465ee728b) (PreviewImporter) -> (artifact id: 'd3bc51d8b555220b89706343d4193730') in 0.0291817 seconds
Number of updated asset objects reloaded before import = 0Number of asset objects unloaded after import = 10

========================================================================
Received Import Request.
  Time since last request: 0.000024 seconds.
  path: Assets/LowPolyShooterPack/Prefabs/Trees&Plants/Plant11C (1).prefab
  artifactKey: Guid(f46234f214cec824b87de70cce3ed23b) Importer(815301076,1909f56bfc062723c751e8b465ee728b)
Start importing Assets/LowPolyShooterPack/Prefabs/Trees&Plants/Plant11C (1).prefab using Guid(f46234f214cec824b87de70cce3ed23b) Importer(815301076,1909f56bfc062723c751e8b465ee728b) (PreviewImporter) -> (artifact id: '01fe66c791555e0149b95bfeb75a6918') in 0.0282765 seconds
Number of updated asset objects reloaded before import = 0Number of asset objects unloaded after import = 26

========================================================================
Received Import Request.
  Time since last request: 0.000032 seconds.
  path: Assets/LowPolyShooterPack/Prefabs/Weapons&Grenades/SmokeGrenade.prefab
  artifactKey: Guid(c0223005e91fcea4c99a6333e3b6e887) Importer(815301076,1909f56bfc062723c751e8b465ee728b)
Start importing Assets/LowPolyShooterPack/Prefabs/Weapons&Grenades/SmokeGrenade.prefab using Guid(c0223005e91fcea4c99a6333e3b6e887) Importer(815301076,1909f56bfc062723c751e8b465ee728b) (PreviewImporter) -> (artifact id: '46c9846a6c784cc3a9dcf23e41d5dfda') in 0.0301865 seconds
Number of updated asset objects reloaded before import = 0Number of asset objects unloaded after import = 10

========================================================================
Received Import Request.
  Time since last request: 0.000039 seconds.
  path: Assets/LowPolyShooterPack/Prefabs/Trees&Plants/Plant11A (1).prefab
  artifactKey: Guid(8730c953feff22c4b848fe8253ef30d4) Importer(815301076,1909f56bfc062723c751e8b465ee728b)
Start importing Assets/LowPolyShooterPack/Prefabs/Trees&Plants/Plant11A (1).prefab using Guid(8730c953feff22c4b848fe8253ef30d4) Importer(815301076,1909f56bfc062723c751e8b465ee728b) (PreviewImporter) -> (artifact id: 'b2af1870d7985280806c066eed3458d4') in 0.0289612 seconds
Number of updated asset objects reloaded before import = 0Number of asset objects unloaded after import = 26

========================================================================
Received Import Request.
  Time since last request: 0.000035 seconds.
  path: Assets/LowPolyShooterPack/Prefabs/Trees&Plants/Plant03C (1).prefab
  artifactKey: Guid(c72c003f2a0a15045b0d42382b4c0dec) Importer(815301076,1909f56bfc062723c751e8b465ee728b)
Start importing Assets/LowPolyShooterPack/Prefabs/Trees&Plants/Plant03C (1).prefab using Guid(c72c003f2a0a15045b0d42382b4c0dec) Importer(815301076,1909f56bfc062723c751e8b465ee728b) (PreviewImporter) -> (artifact id: 'c9b0863fa1b4fa687d413d151dbd9089') in 0.0310781 seconds
Number of updated asset objects reloaded before import = 0Number of asset objects unloaded after import = 26

========================================================================
Received Import Request.
  Time since last request: 0.000028 seconds.
  path: Assets/LowPolyShooterPack/Prefabs/Trees&Plants/Plant01B (1).prefab
  artifactKey: Guid(31982040db725c54ba15292c2e13b798) Importer(815301076,1909f56bfc062723c751e8b465ee728b)
Start importing Assets/LowPolyShooterPack/Prefabs/Trees&Plants/Plant01B (1).prefab using Guid(31982040db725c54ba15292c2e13b798) Importer(815301076,1909f56bfc062723c751e8b465ee728b) (PreviewImporter) -> (artifact id: '0ea322c59ec5acaa116c59e3be0ccc73') in 0.0541122 seconds
Number of updated asset objects reloaded before import = 0Number of asset objects unloaded after import = 26

========================================================================
Received Import Request.
  Time since last request: 0.000030 seconds.
  path: Assets/LowPolyShooterPack/Prefabs/Trees&Plants/Tree8B.prefab
  artifactKey: Guid(888cccfa8ab4ceb4da5369a064655ad7) Importer(815301076,1909f56bfc062723c751e8b465ee728b)
Start importing Assets/LowPolyShooterPack/Prefabs/Trees&Plants/Tree8B.prefab using Guid(888cccfa8ab4ceb4da5369a064655ad7) Importer(815301076,1909f56bfc062723c751e8b465ee728b) (PreviewImporter) -> (artifact id: '764ab712cbf5b08def1166f3dc9ca495') in 0.0324768 seconds
Number of updated asset objects reloaded before import = 0Number of asset objects unloaded after import = 44

========================================================================
Received Import Request.
  Time since last request: 1.205337 seconds.
  path: Assets/LowPolyShooterPack/Prefabs/Character's Accessories/Glasses01.prefab
  artifactKey: Guid(9dda4ffabc20882449f0e5cab5802ad4) Importer(815301076,1909f56bfc062723c751e8b465ee728b)
Start importing Assets/LowPolyShooterPack/Prefabs/Character's Accessories/Glasses01.prefab using Guid(9dda4ffabc20882449f0e5cab5802ad4) Importer(815301076,1909f56bfc062723c751e8b465ee728b) (PreviewImporter) -> (artifact id: '852c8fb15e0e805d6c197785533953e1') in 0.0233757 seconds
Number of updated asset objects reloaded before import = 0Number of asset objects unloaded after import = 10

========================================================================
Received Import Request.
  Time since last request: 0.000034 seconds.
  path: Assets/LowPolyShooterPack/Prefabs/Character's Accessories/Hair02.prefab
  artifactKey: Guid(37bb2502d254035438dde02f94284512) Importer(815301076,1909f56bfc062723c751e8b465ee728b)
Start importing Assets/LowPolyShooterPack/Prefabs/Character's Accessories/Hair02.prefab using Guid(37bb2502d254035438dde02f94284512) Importer(815301076,1909f56bfc062723c751e8b465ee728b) (PreviewImporter) -> (artifact id: '4c504724f96b5c323b5c2fbc6ffa4cbd') in 0.0293308 seconds
Number of updated asset objects reloaded before import = 0Number of asset objects unloaded after import = 17

========================================================================
Received Import Request.
  Time since last request: 0.000033 seconds.
  path: Assets/LowPolyShooterPack/Prefabs/Character's Accessories/Glasses03.prefab
  artifactKey: Guid(83ae12b7f6313dc4abb2eaaf85e38e23) Importer(815301076,1909f56bfc062723c751e8b465ee728b)
Start importing Assets/LowPolyShooterPack/Prefabs/Character's Accessories/Glasses03.prefab using Guid(83ae12b7f6313dc4abb2eaaf85e38e23) Importer(815301076,1909f56bfc062723c751e8b465ee728b) (PreviewImporter) -> (artifact id: 'df3cf86701cde96d5ceaf5b5fb9a79a8') in 0.0258198 seconds
Number of updated asset objects reloaded before import = 0Number of asset objects unloaded after import = 10

========================================================================
Received Import Request.
  Time since last request: 0.000030 seconds.
  path: Assets/LowPolyShooterPack/Prefabs/Character's Accessories/Helmet06.prefab
  artifactKey: Guid(1ef9a1345f29711469891bffeaf7ac3e) Importer(815301076,1909f56bfc062723c751e8b465ee728b)
Start importing Assets/LowPolyShooterPack/Prefabs/Character's Accessories/Helmet06.prefab using Guid(1ef9a1345f29711469891bffeaf7ac3e) Importer(815301076,1909f56bfc062723c751e8b465ee728b) (PreviewImporter) -> (artifact id: '6b79c6899c86b340227222410773e7aa') in 0.0281423 seconds
Number of updated asset objects reloaded before import = 0Number of asset objects unloaded after import = 10

========================================================================
Received Import Request.
  Time since last request: 0.000043 seconds.
  path: Assets/LowPolyShooterPack/Prefabs/Character's Accessories/SteelVest.prefab
  artifactKey: Guid(9f66be7d93d75ee46a2c9769e8506cc6) Importer(815301076,1909f56bfc062723c751e8b465ee728b)
Start importing Assets/LowPolyShooterPack/Prefabs/Character's Accessories/SteelVest.prefab using Guid(9f66be7d93d75ee46a2c9769e8506cc6) Importer(815301076,1909f56bfc062723c751e8b465ee728b) (PreviewImporter) -> (artifact id: 'bc3c8fda9136ad7b1e0c13d0a06e9662') in 0.0287304 seconds
Number of updated asset objects reloaded before import = 0Number of asset objects unloaded after import = 10

========================================================================
Received Import Request.
  Time since last request: 0.000043 seconds.
  path: Assets/LowPolyShooterPack/Prefabs/Character's Accessories/Helmet03.prefab
  artifactKey: Guid(1cabb80ff29eff34689e6a3feca0e11a) Importer(815301076,1909f56bfc062723c751e8b465ee728b)
Start importing Assets/LowPolyShooterPack/Prefabs/Character's Accessories/Helmet03.prefab using Guid(1cabb80ff29eff34689e6a3feca0e11a) Importer(815301076,1909f56bfc062723c751e8b465ee728b) (PreviewImporter) -> (artifact id: '5eae27b8785a0ed276b65bb2cfd05255') in 0.026546 seconds
Number of updated asset objects reloaded before import = 0Number of asset objects unloaded after import = 10

========================================================================
Received Import Request.
  Time since last request: 0.000033 seconds.
  path: Assets/LowPolyShooterPack/Prefabs/Character's Accessories/Hair04.prefab
  artifactKey: Guid(5bfcd2efe1bcfac41880c86d41a43b54) Importer(815301076,1909f56bfc062723c751e8b465ee728b)
Start importing Assets/LowPolyShooterPack/Prefabs/Character's Accessories/Hair04.prefab using Guid(5bfcd2efe1bcfac41880c86d41a43b54) Importer(815301076,1909f56bfc062723c751e8b465ee728b) (PreviewImporter) -> (artifact id: '211ff088447c555ac63b7540686526b5') in 0.031554 seconds
Number of updated asset objects reloaded before import = 0Number of asset objects unloaded after import = 10

========================================================================
Received Import Request.
  Time since last request: 0.000025 seconds.
  path: Assets/LowPolyShooterPack/Prefabs/Character's Accessories/Hat.prefab
  artifactKey: Guid(bc8ab2eb8963d7542bbabc45daf86f4c) Importer(815301076,1909f56bfc062723c751e8b465ee728b)
Start importing Assets/LowPolyShooterPack/Prefabs/Character's Accessories/Hat.prefab using Guid(bc8ab2eb8963d7542bbabc45daf86f4c) Importer(815301076,1909f56bfc062723c751e8b465ee728b) (PreviewImporter) -> (artifact id: '34e4e36c759a3bcef6daf987c75548c6') in 0.0312299 seconds
Number of updated asset objects reloaded before import = 0Number of asset objects unloaded after import = 10

========================================================================
Received Import Request.
  Time since last request: 0.000021 seconds.
  path: Assets/LowPolyShooterPack/Prefabs/Character's Accessories/Helmet01.prefab
  artifactKey: Guid(d828aefd9c130ba499a13655a2f97f2a) Importer(815301076,1909f56bfc062723c751e8b465ee728b)
Start importing Assets/LowPolyShooterPack/Prefabs/Character's Accessories/Helmet01.prefab using Guid(d828aefd9c130ba499a13655a2f97f2a) Importer(815301076,1909f56bfc062723c751e8b465ee728b) (PreviewImporter) -> (artifact id: 'ee96acbb68d7378e4e1caa0b7f6aa1f6') in 0.0533599 seconds
Number of updated asset objects reloaded before import = 0Number of asset objects unloaded after import = 10

========================================================================
Received Import Request.
  Time since last request: 2.186540 seconds.
  path: Assets/LowPolyShooterPack/Models/Weapons&Grenades/Knife.fbx
  artifactKey: Guid(c6a7bbeea57ec03488604915cdbf34e3) Importer(815301076,1909f56bfc062723c751e8b465ee728b)
Start importing Assets/LowPolyShooterPack/Models/Weapons&Grenades/Knife.fbx using Guid(c6a7bbeea57ec03488604915cdbf34e3) Importer(815301076,1909f56bfc062723c751e8b465ee728b) (PreviewImporter) -> (artifact id: '5955a70efc025afd3c8646263ee62fa3') in 0.0645061 seconds
Number of updated asset objects reloaded before import = 0Number of asset objects unloaded after import = 9

========================================================================
Received Import Request.
  Time since last request: 0.000029 seconds.
  path: Assets/LowPolyShooterPack/Models/Weapons&Grenades/Sniper.fbx
  artifactKey: Guid(ab65b3a9e6ede624bace88b295768f73) Importer(815301076,1909f56bfc062723c751e8b465ee728b)
Start importing Assets/LowPolyShooterPack/Models/Weapons&Grenades/Sniper.fbx using Guid(ab65b3a9e6ede624bace88b295768f73) Importer(815301076,1909f56bfc062723c751e8b465ee728b) (PreviewImporter) -> (artifact id: '077047f0cdd8a06463918c4b965a61f9') in 0.0452506 seconds
Number of updated asset objects reloaded before import = 0Number of asset objects unloaded after import = 14

========================================================================
Received Import Request.
  Time since last request: 0.000033 seconds.
  path: Assets/LowPolyShooterPack/Models/Weapons&Grenades/SemiMachingun.fbx
  artifactKey: Guid(497f799c906a5234c89943ef393040a5) Importer(815301076,1909f56bfc062723c751e8b465ee728b)
Start importing Assets/LowPolyShooterPack/Models/Weapons&Grenades/SemiMachingun.fbx using Guid(497f799c906a5234c89943ef393040a5) Importer(815301076,1909f56bfc062723c751e8b465ee728b) (PreviewImporter) -> (artifact id: '494240c379b4ae71cef2c325d912c3fc') in 0.0314757 seconds
Number of updated asset objects reloaded before import = 0Number of asset objects unloaded after import = 9

========================================================================
Received Import Request.
  Time since last request: 0.584833 seconds.
  path: Assets/LowPolyShooterPack/Models/Trees&Plants/Plant01B.fbx
  artifactKey: Guid(0668a78ad6a3997498c72d4d470dd7d1) Importer(815301076,1909f56bfc062723c751e8b465ee728b)
Start importing Assets/LowPolyShooterPack/Models/Trees&Plants/Plant01B.fbx using Guid(0668a78ad6a3997498c72d4d470dd7d1) Importer(815301076,1909f56bfc062723c751e8b465ee728b) (PreviewImporter) -> (artifact id: 'dcc5eb0b40a0c9fc101b2170542d8255') in 0.0830827 seconds
Number of updated asset objects reloaded before import = 0Number of asset objects unloaded after import = 21

========================================================================
Received Import Request.
  Time since last request: 0.000024 seconds.
  path: Assets/LowPolyShooterPack/Models/Trees&Plants/Plant11C.fbx
  artifactKey: Guid(d533a16086726464a9af9fa0ba897366) Importer(815301076,1909f56bfc062723c751e8b465ee728b)
Start importing Assets/LowPolyShooterPack/Models/Trees&Plants/Plant11C.fbx using Guid(d533a16086726464a9af9fa0ba897366) Importer(815301076,1909f56bfc062723c751e8b465ee728b) (PreviewImporter) -> (artifact id: '3a3d76cc41f489a11f5ff6731c0e2702') in 0.0574117 seconds
Number of updated asset objects reloaded before import = 0Number of asset objects unloaded after import = 21

========================================================================
Received Import Request.
  Time since last request: 0.000032 seconds.
  path: Assets/LowPolyShooterPack/Models/Trees&Plants/Plant03C.fbx
  artifactKey: Guid(64b9531a81664be439074cb2380ff365) Importer(815301076,1909f56bfc062723c751e8b465ee728b)
Start importing Assets/LowPolyShooterPack/Models/Trees&Plants/Plant03C.fbx using Guid(64b9531a81664be439074cb2380ff365) Importer(815301076,1909f56bfc062723c751e8b465ee728b) (PreviewImporter) -> (artifact id: 'ac75db6d787f7373cdd6bdd67d3b6dc8') in 0.0588985 seconds
Number of updated asset objects reloaded before import = 0Number of asset objects unloaded after import = 21

========================================================================
Received Import Request.
  Time since last request: 11.095236 seconds.
  path: Assets/Free Low Poly Desert Pack/FBX Files/Mixed Colors/Mixed_Cactus_01.fbx
  artifactKey: Guid(5886bf9675a27c2488f5e7defe740628) Importer(815301076,1909f56bfc062723c751e8b465ee728b)
Start importing Assets/Free Low Poly Desert Pack/FBX Files/Mixed Colors/Mixed_Cactus_01.fbx using Guid(5886bf9675a27c2488f5e7defe740628) Importer(815301076,1909f56bfc062723c751e8b465ee728b) (PreviewImporter) -> (artifact id: '6eaed63a7605968de228bf26e315ecbb') in 0.0178081 seconds
Number of updated asset objects reloaded before import = 0Number of asset objects unloaded after import = 8

========================================================================
Received Import Request.
  Time since last request: 0.000020 seconds.
  path: Assets/Free Low Poly Desert Pack/FBX Files/Mixed Colors/Mixed_Palm_tree_01.fbx
  artifactKey: Guid(8f34c244e0da945439f043bd7d958ecf) Importer(815301076,1909f56bfc062723c751e8b465ee728b)
Start importing Assets/Free Low Poly Desert Pack/FBX Files/Mixed Colors/Mixed_Palm_tree_01.fbx using Guid(8f34c244e0da945439f043bd7d958ecf) Importer(815301076,1909f56bfc062723c751e8b465ee728b) (PreviewImporter) -> (artifact id: '271ef87dfa9600dd6a5e6ed9ea99027a') in 0.0191529 seconds
Number of updated asset objects reloaded before import = 0Number of asset objects unloaded after import = 8

========================================================================
Received Import Request.
  Time since last request: 0.000033 seconds.
  path: Assets/Free Low Poly Desert Pack/FBX Files/Mixed Colors/Mixed_Rock_01.fbx
  artifactKey: Guid(eb342f6eed94af74c8e910d8b3369c96) Importer(815301076,1909f56bfc062723c751e8b465ee728b)
Start importing Assets/Free Low Poly Desert Pack/FBX Files/Mixed Colors/Mixed_Rock_01.fbx using Guid(eb342f6eed94af74c8e910d8b3369c96) Importer(815301076,1909f56bfc062723c751e8b465ee728b) (PreviewImporter) -> (artifact id: '05b144d972cd60ea5d31acf089ffa454') in 0.0170058 seconds
Number of updated asset objects reloaded before import = 0Number of asset objects unloaded after import = 8

========================================================================
Received Import Request.
  Time since last request: 4.191917 seconds.
  path: Assets/LowPolyFPSLite/Materials/LowPolyFPSLite_BG2.mat
  artifactKey: Guid(970a0ae5296891a4393bbfc7c4419e60) Importer(815301076,1909f56bfc062723c751e8b465ee728b)
Start importing Assets/LowPolyFPSLite/Materials/LowPolyFPSLite_BG2.mat using Guid(970a0ae5296891a4393bbfc7c4419e60) Importer(815301076,1909f56bfc062723c751e8b465ee728b) (PreviewImporter) -> (artifact id: '9683159f25c295a4f10259f7e31522c2') in 0.0164267 seconds
Number of updated asset objects reloaded before import = 0Number of asset objects unloaded after import = 2

========================================================================
Received Import Request.
  Time since last request: 1.543025 seconds.
  path: Assets/LowPolyFPSLite/Prefabs/Brick_01.prefab
  artifactKey: Guid(fd8212a6b4413da43bfbf816034a6a69) Importer(815301076,1909f56bfc062723c751e8b465ee728b)
Start importing Assets/LowPolyFPSLite/Prefabs/Brick_01.prefab using Guid(fd8212a6b4413da43bfbf816034a6a69) Importer(815301076,1909f56bfc062723c751e8b465ee728b) (PreviewImporter) -> (artifact id: 'ae10538eaca55a4694fa978065d26fb2') in 0.0157838 seconds
Number of updated asset objects reloaded before import = 0Number of asset objects unloaded after import = 11

========================================================================
Received Import Request.
  Time since last request: 0.000022 seconds.
  path: Assets/LowPolyFPSLite/Prefabs/Wall_01.prefab
  artifactKey: Guid(af11b45e3d568f946be2cdb52ca3f1c0) Importer(815301076,1909f56bfc062723c751e8b465ee728b)
Start importing Assets/LowPolyFPSLite/Prefabs/Wall_01.prefab using Guid(af11b45e3d568f946be2cdb52ca3f1c0) Importer(815301076,1909f56bfc062723c751e8b465ee728b) (PreviewImporter) -> (artifact id: '95934e7df510b475c796125a3b8ce960') in 0.0148308 seconds
Number of updated asset objects reloaded before import = 0Number of asset objects unloaded after import = 11

========================================================================
Received Import Request.
  Time since last request: 0.000027 seconds.
  path: Assets/LowPolyFPSLite/Prefabs/WoodPlank_01.prefab
  artifactKey: Guid(8ec4006999a806c4291e661db75cac17) Importer(815301076,1909f56bfc062723c751e8b465ee728b)
Start importing Assets/LowPolyFPSLite/Prefabs/WoodPlank_01.prefab using Guid(8ec4006999a806c4291e661db75cac17) Importer(815301076,1909f56bfc062723c751e8b465ee728b) (PreviewImporter) -> (artifact id: '75d44d2fc7055bde4a7e294715cb1dde') in 0.0186096 seconds
Number of updated asset objects reloaded before import = 0Number of asset objects unloaded after import = 11

========================================================================
Received Import Request.
  Time since last request: 0.000032 seconds.
  path: Assets/LowPolyFPSLite/Prefabs/Wall_03.prefab
  artifactKey: Guid(c5c251c4f6ea3694285b311cea75f2a2) Importer(815301076,1909f56bfc062723c751e8b465ee728b)
Start importing Assets/LowPolyFPSLite/Prefabs/Wall_03.prefab using Guid(c5c251c4f6ea3694285b311cea75f2a2) Importer(815301076,1909f56bfc062723c751e8b465ee728b) (PreviewImporter) -> (artifact id: '449dcb3c5522ff3daf9f72f4c3e9210f') in 0.0197365 seconds
Number of updated asset objects reloaded before import = 0Number of asset objects unloaded after import = 11

========================================================================
Received Import Request.
  Time since last request: 20.691496 seconds.
  path: Assets/Desert_Village_LowPoly_HDRP/Materials/M_House_Wall_Out.mat
  artifactKey: Guid(c7723ce6f37ea4542a08e60147b04617) Importer(815301076,1909f56bfc062723c751e8b465ee728b)
Start importing Assets/Desert_Village_LowPoly_HDRP/Materials/M_House_Wall_Out.mat using Guid(c7723ce6f37ea4542a08e60147b04617) Importer(815301076,1909f56bfc062723c751e8b465ee728b) (PreviewImporter) -> (artifact id: 'e1c87a3cda73a08f9ffd130a7ea1a1c5') in 0.0161346 seconds
Number of updated asset objects reloaded before import = 0Number of asset objects unloaded after import = 2

========================================================================
Received Import Request.
  Time since last request: 0.000023 seconds.
  path: Assets/Desert_Village_LowPoly_HDRP/Materials/M_Towel_Blue.mat
  artifactKey: Guid(f65781644af15764899ef5ac34d023ac) Importer(815301076,1909f56bfc062723c751e8b465ee728b)
Start importing Assets/Desert_Village_LowPoly_HDRP/Materials/M_Towel_Blue.mat using Guid(f65781644af15764899ef5ac34d023ac) Importer(815301076,1909f56bfc062723c751e8b465ee728b) (PreviewImporter) -> (artifact id: '54b11a32a578cd83d0794027c937bb1b') in 0.0194537 seconds
Number of updated asset objects reloaded before import = 0Number of asset objects unloaded after import = 2

========================================================================
Received Import Request.
  Time since last request: 0.000028 seconds.
  path: Assets/Desert_Village_LowPoly_HDRP/Materials/M_Vase.mat
  artifactKey: Guid(9586951ff1f08f14190d195079168ddd) Importer(815301076,1909f56bfc062723c751e8b465ee728b)
Start importing Assets/Desert_Village_LowPoly_HDRP/Materials/M_Vase.mat using Guid(9586951ff1f08f14190d195079168ddd) Importer(815301076,1909f56bfc062723c751e8b465ee728b) (PreviewImporter) -> (artifact id: '31eb4257294bf27954650a2744a7582e') in 0.0167374 seconds
Number of updated asset objects reloaded before import = 0Number of asset objects unloaded after import = 2

========================================================================
Received Import Request.
  Time since last request: 2.255158 seconds.
  path: Assets/Desert_Village_LowPoly_HDRP/Prefabs/Desert_Village_Bucket.prefab
  artifactKey: Guid(5e22c709abb2c1d45ad476ea4b03de35) Importer(815301076,1909f56bfc062723c751e8b465ee728b)
Start importing Assets/Desert_Village_LowPoly_HDRP/Prefabs/Desert_Village_Bucket.prefab using Guid(5e22c709abb2c1d45ad476ea4b03de35) Importer(815301076,1909f56bfc062723c751e8b465ee728b) (PreviewImporter) -> (artifact id: 'a990dedea4231648691dcca378d25797') in 0.0272145 seconds
Number of updated asset objects reloaded before import = 0Number of asset objects unloaded after import = 11

========================================================================
Received Import Request.
  Time since last request: 0.000023 seconds.
  path: Assets/Desert_Village_LowPoly_HDRP/Prefabs/Desert_Village_House_4.prefab
  artifactKey: Guid(d800a4f4583b26248a0986838df623c6) Importer(815301076,1909f56bfc062723c751e8b465ee728b)
Start importing Assets/Desert_Village_LowPoly_HDRP/Prefabs/Desert_Village_House_4.prefab using Guid(d800a4f4583b26248a0986838df623c6) Importer(815301076,1909f56bfc062723c751e8b465ee728b) (PreviewImporter) -> (artifact id: '44cc2856f3c650ce818927a6a73212fc') in 0.0376874 seconds
Number of updated asset objects reloaded before import = 0Number of asset objects unloaded after import = 64

========================================================================
Received Import Request.
  Time since last request: 0.000027 seconds.
  path: Assets/Desert_Village_LowPoly_HDRP/Prefabs/Desert_Village_House_Lamp.prefab
  artifactKey: Guid(0f2e7b5cff628ea42ac22c632b2d19e5) Importer(815301076,1909f56bfc062723c751e8b465ee728b)
Start importing Assets/Desert_Village_LowPoly_HDRP/Prefabs/Desert_Village_House_Lamp.prefab using Guid(0f2e7b5cff628ea42ac22c632b2d19e5) Importer(815301076,1909f56bfc062723c751e8b465ee728b) (PreviewImporter) -> (artifact id: '50253eab2ce7bdb92c57f30b06d48ea7') in 0.0185059 seconds
Number of updated asset objects reloaded before import = 0Number of asset objects unloaded after import = 18

Editor requested this worker to shutdown with reason: Scaling down because of idle timeout
AssetImportWorker is now disconnected from the server
Process exiting
Exiting without the bug reporter. Application will terminate with return code 0